<?xml version="1.0" encoding="UTF-8"?>
<!-- Generated by org.testng.reporters.JUnitReportReporter -->
<testsuite hostname="LAPTOP-BOEES433" failures="0" tests="3" name="basicTestNG.test1" time="17.457" errors="0" timestamp="2024-03-15T11:26:28 IST" skipped="0">
  <testcase classname="basicTestNG.test1" name="flipkart" time="8.073"/>
  <system-out/>
  <testcase classname="basicTestNG.test1" name="amazon" time="3.803"/>
  <system-out/>
  <testcase classname="basicTestNG.test1" name="amazon" time="5.581"/>
  <system-out/>
</testsuite> <!-- basicTestNG.test1 -->
