<?xml version="1.0" encoding="UTF-8"?>
<!-- Generated by org.testng.reporters.JUnitReportReporter -->
<testsuite hostname="LAPTOP-BOEES433" failures="0" tests="1" name="basicTestNG.SoftAssert" time="8.389" errors="0" timestamp="2024-03-16T10:49:09 IST" skipped="0">
  <testcase classname="basicTestNG.SoftAssert" name="Ajio" time="8.389"/>
  <system-out/>
</testsuite> <!-- basicTestNG.SoftAssert -->
